<?xml version="1.0" encoding="UTF-8"?>
<!-- Generated by org.testng.reporters.JUnitReportReporter -->
<testsuite hostname="DESKTOP-TH0V11K" failures="0" tests="1" name="com.assesment.GeneralStore" time="43.502" errors="0" timestamp="2024-10-25T14:52:22 IST" skipped="0">
  <testcase classname="com.assesment.GeneralStore" name="store" time="43.502"/>
  <system-out/>
</testsuite> <!-- com.assesment.GeneralStore -->
